<?xml version="1.0" encoding="UTF-8"?>
<!-- Generated by org.testng.reporters.JUnitReportReporter -->
<testsuite skipped="0" hostname="FEYE-EMP579934" name="airlines.AppTest" tests="1" failures="0" timestamp="14 Aug 2019 10:24:09 GMT" time="0.002" errors="0">
  <testcase name="testApp" time="0.002" classname="airlines.AppTest"/>
</testsuite> <!-- airlines.AppTest -->
